2018-04-11 19:41:22,831 CRIT Supervisor running as root (no user in config file)
2018-04-11 19:41:22,831 WARN Included extra file "/etc/supervisor/conf.d/supervisord.conf" during parsing
2018-04-11 19:41:22,857 INFO RPC interface 'supervisor' initialized
2018-04-11 19:41:22,858 CRIT Server 'unix_http_server' running without any HTTP authentication checking
2018-04-11 19:41:22,858 INFO supervisord started with pid 1
2018-04-11 19:41:23,864 INFO spawned: 'varnishd' with pid 13
2018-04-11 19:41:23,872 INFO spawned: 'php-fpm' with pid 14
2018-04-11 19:41:23,886 INFO spawned: 'varnish-plugins-watcher' with pid 15
2018-04-11 19:41:23,903 INFO spawned: 'nginx' with pid 16
2018-04-11 19:41:23,927 INFO spawned: 'MailHog' with pid 17
2018-04-11 19:41:23,955 INFO spawned: 'mysql' with pid 18
2018-04-11 19:41:23,988 INFO spawned: 'varnish-themes-watcher' with pid 21
2018-04-11 19:41:25,446 INFO success: varnishd entered RUNNING state, process has stayed up for > than 1 seconds (startsecs)
2018-04-11 19:41:25,446 INFO success: php-fpm entered RUNNING state, process has stayed up for > than 1 seconds (startsecs)
2018-04-11 19:41:25,446 INFO success: varnish-plugins-watcher entered RUNNING state, process has stayed up for > than 1 seconds (startsecs)
2018-04-11 19:41:25,447 INFO success: nginx entered RUNNING state, process has stayed up for > than 1 seconds (startsecs)
2018-04-11 19:41:25,447 INFO success: MailHog entered RUNNING state, process has stayed up for > than 1 seconds (startsecs)
2018-04-11 19:41:25,447 INFO success: mysql entered RUNNING state, process has stayed up for > than 1 seconds (startsecs)
2018-04-11 19:41:25,447 INFO success: varnish-themes-watcher entered RUNNING state, process has stayed up for > than 1 seconds (startsecs)
2018-04-11 20:03:10,705 INFO exited: varnishd (exit status 0; expected)
2018-04-11 20:03:11,710 INFO spawned: 'varnishd' with pid 407
2018-04-11 20:03:12,468 INFO exited: varnishd (terminated by SIGTERM; not expected)
2018-04-11 20:03:12,469 CRIT reaped unknown pid 416)
2018-04-11 20:03:13,472 INFO spawned: 'varnishd' with pid 423
2018-04-11 20:03:15,181 INFO success: varnishd entered RUNNING state, process has stayed up for > than 1 seconds (startsecs)
2018-04-12 08:05:03,757 WARN received SIGTERM indicating exit request
2018-04-12 08:05:03,760 INFO waiting for varnishd, php-fpm, varnish-plugins-watcher, nginx, MailHog, mysql, varnish-themes-watcher to die
2018-04-12 08:05:04,764 INFO stopped: varnish-themes-watcher (terminated by SIGTERM)
2018-04-12 08:05:04,782 INFO stopped: mysql (exit status 0)
2018-04-12 08:05:04,784 INFO stopped: MailHog (terminated by SIGTERM)
2018-04-12 08:05:04,793 INFO stopped: nginx (exit status 0)
2018-04-12 08:05:05,796 INFO stopped: varnish-plugins-watcher (terminated by SIGTERM)
2018-04-12 08:05:05,825 INFO stopped: php-fpm (exit status 0)
2018-04-12 08:05:06,115 CRIT reaped unknown pid 27)
2018-04-12 08:05:06,836 INFO waiting for varnishd to die
2018-04-12 08:05:07,113 INFO stopped: varnishd (exit status 0)
2018-04-17 10:09:20,276 CRIT Supervisor running as root (no user in config file)
2018-04-17 10:09:20,276 WARN Included extra file "/etc/supervisor/conf.d/supervisord.conf" during parsing
2018-04-17 10:09:20,317 INFO RPC interface 'supervisor' initialized
2018-04-17 10:09:20,317 CRIT Server 'unix_http_server' running without any HTTP authentication checking
2018-04-17 10:09:20,317 INFO supervisord started with pid 1
2018-04-17 10:09:21,321 INFO spawned: 'varnishd' with pid 7
2018-04-17 10:09:21,352 INFO spawned: 'php-fpm' with pid 8
2018-04-17 10:09:21,354 INFO spawned: 'varnish-plugins-watcher' with pid 9
2018-04-17 10:09:21,363 INFO spawned: 'nginx' with pid 10
2018-04-17 10:09:21,371 INFO spawned: 'MailHog' with pid 11
2018-04-17 10:09:21,380 INFO spawned: 'mysql' with pid 14
2018-04-17 10:09:21,382 INFO spawned: 'varnish-themes-watcher' with pid 15
2018-04-17 10:09:22,334 INFO success: varnishd entered RUNNING state, process has stayed up for > than 1 seconds (startsecs)
2018-04-17 10:09:22,334 INFO success: php-fpm entered RUNNING state, process has stayed up for > than 1 seconds (startsecs)
2018-04-17 10:09:23,334 INFO success: varnish-plugins-watcher entered RUNNING state, process has stayed up for > than 1 seconds (startsecs)
2018-04-17 10:09:23,335 INFO success: nginx entered RUNNING state, process has stayed up for > than 1 seconds (startsecs)
2018-04-17 10:09:23,335 INFO success: MailHog entered RUNNING state, process has stayed up for > than 1 seconds (startsecs)
2018-04-17 10:09:23,335 INFO success: mysql entered RUNNING state, process has stayed up for > than 1 seconds (startsecs)
2018-04-17 10:09:23,335 INFO success: varnish-themes-watcher entered RUNNING state, process has stayed up for > than 1 seconds (startsecs)
2018-04-17 17:46:37,481 CRIT Supervisor running as root (no user in config file)
2018-04-17 17:46:37,481 WARN Included extra file "/etc/supervisor/conf.d/supervisord.conf" during parsing
2018-04-17 17:46:37,819 INFO RPC interface 'supervisor' initialized
2018-04-17 17:46:37,819 CRIT Server 'unix_http_server' running without any HTTP authentication checking
2018-04-17 17:46:37,820 INFO supervisord started with pid 1
2018-04-17 17:46:38,824 INFO spawned: 'varnishd' with pid 7
2018-04-17 17:46:38,833 INFO spawned: 'php-fpm' with pid 8
2018-04-17 17:46:38,835 INFO spawned: 'varnish-plugins-watcher' with pid 9
2018-04-17 17:46:38,840 INFO spawned: 'nginx' with pid 10
2018-04-17 17:46:38,849 INFO spawned: 'MailHog' with pid 11
2018-04-17 17:46:38,861 INFO spawned: 'mysql' with pid 12
2018-04-17 17:46:38,882 INFO spawned: 'varnish-themes-watcher' with pid 13
2018-04-17 17:46:40,262 INFO success: varnishd entered RUNNING state, process has stayed up for > than 1 seconds (startsecs)
2018-04-17 17:46:40,262 INFO success: php-fpm entered RUNNING state, process has stayed up for > than 1 seconds (startsecs)
2018-04-17 17:46:40,262 INFO success: varnish-plugins-watcher entered RUNNING state, process has stayed up for > than 1 seconds (startsecs)
2018-04-17 17:46:40,263 INFO success: nginx entered RUNNING state, process has stayed up for > than 1 seconds (startsecs)
2018-04-17 17:46:40,263 INFO success: MailHog entered RUNNING state, process has stayed up for > than 1 seconds (startsecs)
2018-04-17 17:46:40,263 INFO success: mysql entered RUNNING state, process has stayed up for > than 1 seconds (startsecs)
2018-04-17 17:46:40,263 INFO success: varnish-themes-watcher entered RUNNING state, process has stayed up for > than 1 seconds (startsecs)
2018-04-26 03:31:33,815 WARN received SIGTERM indicating exit request
2018-04-26 03:31:33,819 INFO waiting for varnishd, php-fpm, varnish-plugins-watcher, nginx, MailHog, mysql, varnish-themes-watcher to die
2018-04-26 03:31:34,823 INFO stopped: varnish-themes-watcher (terminated by SIGTERM)
2018-04-26 03:31:34,853 INFO stopped: mysql (exit status 0)
2018-04-26 03:31:34,854 INFO stopped: MailHog (terminated by SIGTERM)
2018-04-26 03:31:34,859 INFO stopped: nginx (exit status 0)
2018-04-26 03:31:35,861 INFO stopped: varnish-plugins-watcher (terminated by SIGTERM)
2018-04-26 03:31:35,879 INFO stopped: php-fpm (exit status 0)
2018-04-26 03:31:36,305 CRIT reaped unknown pid 19)
2018-04-26 03:31:36,885 INFO waiting for varnishd to die
2018-04-26 03:31:37,056 INFO stopped: varnishd (exit status 0)
2018-04-26 03:31:42,204 CRIT Supervisor running as root (no user in config file)
2018-04-26 03:31:42,204 WARN Included extra file "/etc/supervisor/conf.d/supervisord.conf" during parsing
2018-04-26 03:31:42,256 INFO RPC interface 'supervisor' initialized
2018-04-26 03:31:42,260 CRIT Server 'unix_http_server' running without any HTTP authentication checking
2018-04-26 03:31:42,260 INFO supervisord started with pid 1
2018-04-26 03:31:43,263 INFO spawned: 'varnishd' with pid 28
2018-04-26 03:31:43,267 INFO spawned: 'php-fpm' with pid 29
2018-04-26 03:31:43,269 INFO spawned: 'varnish-plugins-watcher' with pid 30
2018-04-26 03:31:43,272 INFO spawned: 'nginx' with pid 31
2018-04-26 03:31:43,288 INFO spawned: 'MailHog' with pid 32
2018-04-26 03:31:43,306 INFO spawned: 'mysql' with pid 33
2018-04-26 03:31:43,310 INFO spawned: 'varnish-themes-watcher' with pid 34
2018-04-26 03:31:44,494 INFO success: varnishd entered RUNNING state, process has stayed up for > than 1 seconds (startsecs)
2018-04-26 03:31:44,495 INFO success: php-fpm entered RUNNING state, process has stayed up for > than 1 seconds (startsecs)
2018-04-26 03:31:44,495 INFO success: varnish-plugins-watcher entered RUNNING state, process has stayed up for > than 1 seconds (startsecs)
2018-04-26 03:31:44,495 INFO success: nginx entered RUNNING state, process has stayed up for > than 1 seconds (startsecs)
2018-04-26 03:31:44,495 INFO success: MailHog entered RUNNING state, process has stayed up for > than 1 seconds (startsecs)
2018-04-26 03:31:44,495 INFO success: mysql entered RUNNING state, process has stayed up for > than 1 seconds (startsecs)
2018-04-26 03:31:44,495 INFO success: varnish-themes-watcher entered RUNNING state, process has stayed up for > than 1 seconds (startsecs)
2018-04-26 04:22:08,041 WARN received SIGTERM indicating exit request
2018-04-26 04:22:08,042 INFO waiting for varnishd, php-fpm, varnish-plugins-watcher, nginx, MailHog, mysql, varnish-themes-watcher to die
2018-04-26 04:22:09,044 INFO stopped: varnish-themes-watcher (terminated by SIGTERM)
2018-04-26 04:22:09,057 INFO stopped: mysql (exit status 0)
2018-04-26 04:22:09,058 INFO stopped: MailHog (terminated by SIGTERM)
2018-04-26 04:22:09,065 INFO stopped: nginx (exit status 0)
2018-04-26 04:22:10,067 INFO stopped: varnish-plugins-watcher (terminated by SIGTERM)
2018-04-26 04:22:10,080 INFO stopped: php-fpm (exit status 0)
2018-04-26 04:22:10,949 CRIT reaped unknown pid 42)
2018-04-26 04:22:11,093 INFO waiting for varnishd to die
2018-04-26 04:22:11,154 INFO stopped: varnishd (exit status 0)
2018-04-26 04:26:30,836 CRIT Supervisor running as root (no user in config file)
2018-04-26 04:26:30,837 WARN Included extra file "/etc/supervisor/conf.d/supervisord.conf" during parsing
2018-04-26 04:26:30,887 INFO RPC interface 'supervisor' initialized
2018-04-26 04:26:30,887 CRIT Server 'unix_http_server' running without any HTTP authentication checking
2018-04-26 04:26:30,888 INFO supervisord started with pid 1
2018-04-26 04:26:31,892 INFO spawned: 'varnishd' with pid 24
2018-04-26 04:26:31,897 INFO spawned: 'php-fpm' with pid 25
2018-04-26 04:26:31,900 INFO spawned: 'varnish-plugins-watcher' with pid 26
2018-04-26 04:26:31,908 INFO spawned: 'nginx' with pid 27
2018-04-26 04:26:31,916 INFO spawned: 'MailHog' with pid 28
2018-04-26 04:26:31,923 INFO spawned: 'mysql' with pid 29
2018-04-26 04:26:31,943 INFO spawned: 'varnish-themes-watcher' with pid 30
2018-04-26 04:26:33,205 INFO success: varnishd entered RUNNING state, process has stayed up for > than 1 seconds (startsecs)
2018-04-26 04:26:33,205 INFO success: php-fpm entered RUNNING state, process has stayed up for > than 1 seconds (startsecs)
2018-04-26 04:26:33,205 INFO success: varnish-plugins-watcher entered RUNNING state, process has stayed up for > than 1 seconds (startsecs)
2018-04-26 04:26:33,205 INFO success: nginx entered RUNNING state, process has stayed up for > than 1 seconds (startsecs)
2018-04-26 04:26:33,205 INFO success: MailHog entered RUNNING state, process has stayed up for > than 1 seconds (startsecs)
2018-04-26 04:26:33,205 INFO success: mysql entered RUNNING state, process has stayed up for > than 1 seconds (startsecs)
2018-04-26 04:26:33,205 INFO success: varnish-themes-watcher entered RUNNING state, process has stayed up for > than 1 seconds (startsecs)
2018-04-26 17:32:20,720 WARN received SIGTERM indicating exit request
2018-04-26 17:32:20,721 INFO waiting for varnishd, php-fpm, varnish-plugins-watcher, nginx, MailHog, mysql, varnish-themes-watcher to die
2018-04-26 17:32:21,723 INFO stopped: varnish-themes-watcher (terminated by SIGTERM)
2018-04-26 17:32:21,731 INFO stopped: mysql (exit status 0)
2018-04-26 17:32:21,732 INFO stopped: MailHog (terminated by SIGTERM)
2018-04-26 17:32:21,734 INFO stopped: nginx (exit status 0)
2018-04-26 17:32:22,736 INFO stopped: varnish-plugins-watcher (terminated by SIGTERM)
2018-04-26 17:32:22,748 INFO stopped: php-fpm (exit status 0)
2018-04-26 17:32:23,035 CRIT reaped unknown pid 38)
2018-04-26 17:32:23,764 INFO waiting for varnishd to die
2018-04-26 17:32:23,828 INFO stopped: varnishd (exit status 0)
2018-04-27 09:03:40,216 CRIT Supervisor running as root (no user in config file)
2018-04-27 09:03:40,216 WARN Included extra file "/etc/supervisor/conf.d/supervisord.conf" during parsing
2018-04-27 09:03:40,304 INFO RPC interface 'supervisor' initialized
2018-04-27 09:03:40,309 CRIT Server 'unix_http_server' running without any HTTP authentication checking
2018-04-27 09:03:40,309 INFO supervisord started with pid 1
2018-04-27 09:03:41,313 INFO spawned: 'varnishd' with pid 24
2018-04-27 09:03:41,316 INFO spawned: 'php-fpm' with pid 25
2018-04-27 09:03:41,318 INFO spawned: 'varnish-plugins-watcher' with pid 26
2018-04-27 09:03:41,323 INFO spawned: 'nginx' with pid 27
2018-04-27 09:03:41,350 INFO spawned: 'MailHog' with pid 28
2018-04-27 09:03:41,361 INFO spawned: 'mysql' with pid 29
2018-04-27 09:03:41,367 INFO spawned: 'varnish-themes-watcher' with pid 32
2018-04-27 09:03:42,322 INFO success: varnishd entered RUNNING state, process has stayed up for > than 1 seconds (startsecs)
2018-04-27 09:03:42,323 INFO success: php-fpm entered RUNNING state, process has stayed up for > than 1 seconds (startsecs)
2018-04-27 09:03:42,323 INFO success: varnish-plugins-watcher entered RUNNING state, process has stayed up for > than 1 seconds (startsecs)
2018-04-27 09:03:42,323 INFO success: nginx entered RUNNING state, process has stayed up for > than 1 seconds (startsecs)
2018-04-27 09:03:42,455 INFO success: MailHog entered RUNNING state, process has stayed up for > than 1 seconds (startsecs)
2018-04-27 09:03:42,456 INFO success: mysql entered RUNNING state, process has stayed up for > than 1 seconds (startsecs)
2018-04-27 09:03:42,456 INFO success: varnish-themes-watcher entered RUNNING state, process has stayed up for > than 1 seconds (startsecs)
2018-04-27 09:05:10,102 WARN received SIGTERM indicating exit request
2018-04-27 09:05:10,102 INFO waiting for varnishd, php-fpm, varnish-plugins-watcher, nginx, MailHog, mysql, varnish-themes-watcher to die
2018-04-27 09:05:11,103 INFO stopped: varnish-themes-watcher (terminated by SIGTERM)
2018-04-27 09:05:11,108 INFO stopped: mysql (exit status 0)
2018-04-27 09:05:11,110 INFO stopped: MailHog (terminated by SIGTERM)
2018-04-27 09:05:11,112 INFO stopped: nginx (exit status 0)
2018-04-27 09:05:12,114 INFO stopped: varnish-plugins-watcher (terminated by SIGTERM)
2018-04-27 09:05:12,123 INFO stopped: php-fpm (exit status 0)
2018-04-27 09:05:12,820 CRIT reaped unknown pid 39)
2018-04-27 09:05:13,129 INFO waiting for varnishd to die
2018-04-27 09:05:13,241 INFO stopped: varnishd (exit status 0)
2018-04-27 09:05:17,245 CRIT Supervisor running as root (no user in config file)
2018-04-27 09:05:17,245 WARN Included extra file "/etc/supervisor/conf.d/supervisord.conf" during parsing
2018-04-27 09:05:17,311 INFO RPC interface 'supervisor' initialized
2018-04-27 09:05:17,316 CRIT Server 'unix_http_server' running without any HTTP authentication checking
2018-04-27 09:05:17,316 INFO supervisord started with pid 1
2018-04-27 09:05:18,322 INFO spawned: 'varnishd' with pid 24
2018-04-27 09:05:18,349 INFO spawned: 'php-fpm' with pid 25
2018-04-27 09:05:18,352 INFO spawned: 'varnish-plugins-watcher' with pid 26
2018-04-27 09:05:18,356 INFO spawned: 'nginx' with pid 27
2018-04-27 09:05:18,369 INFO spawned: 'MailHog' with pid 28
2018-04-27 09:05:18,400 INFO spawned: 'mysql' with pid 30
2018-04-27 09:05:18,404 INFO spawned: 'varnish-themes-watcher' with pid 31
2018-04-27 09:05:20,210 INFO success: varnishd entered RUNNING state, process has stayed up for > than 1 seconds (startsecs)
2018-04-27 09:05:20,211 INFO success: php-fpm entered RUNNING state, process has stayed up for > than 1 seconds (startsecs)
2018-04-27 09:05:20,211 INFO success: varnish-plugins-watcher entered RUNNING state, process has stayed up for > than 1 seconds (startsecs)
2018-04-27 09:05:20,211 INFO success: nginx entered RUNNING state, process has stayed up for > than 1 seconds (startsecs)
2018-04-27 09:05:20,211 INFO success: MailHog entered RUNNING state, process has stayed up for > than 1 seconds (startsecs)
2018-04-27 09:05:20,211 INFO success: mysql entered RUNNING state, process has stayed up for > than 1 seconds (startsecs)
2018-04-27 09:05:20,211 INFO success: varnish-themes-watcher entered RUNNING state, process has stayed up for > than 1 seconds (startsecs)
